2023-04-19 07:55:09,595 INFO  Application:20 - [] This is info message from Main class
2023-04-19 07:55:09,603 WARN  Application:21 - [] This is warn message from Main class
2023-04-19 07:55:09,604 ERROR Application:22 - [] This is error message from Main class
2023-04-19 07:55:09,604 DEBUG Application:23 - [] This is debug message from Main class
2023-04-19 07:55:09,604 INFO  Application:26 - [] Hello User 
 Application starts now...
2023-04-19 07:56:00,734 DEBUG ProjectController:43 - [] Sucessfully you got the Project details by id
2023-04-19 11:28:44,512 INFO  Application:20 - [] This is info message from Main class
2023-04-19 11:28:44,517 WARN  Application:21 - [] This is warn message from Main class
2023-04-19 11:28:44,517 ERROR Application:22 - [] This is error message from Main class
2023-04-19 11:28:44,518 DEBUG Application:23 - [] This is debug message from Main class
2023-04-19 11:28:44,518 INFO  Application:26 - [] Hello User 
 Application starts now...
2023-04-19 11:31:30,737 DEBUG ProjectController:43 - [] Sucessfully you got the Project details by id
2023-04-19 15:34:03,439 INFO  Application:20 - [] This is info message from Main class
2023-04-19 15:34:03,444 WARN  Application:21 - [] This is warn message from Main class
2023-04-19 15:34:03,445 ERROR Application:22 - [] This is error message from Main class
2023-04-19 15:34:03,445 DEBUG Application:23 - [] This is debug message from Main class
2023-04-19 15:34:03,446 INFO  Application:26 - [] Hello User 
 Application starts now...
2023-04-19 15:35:08,547 DEBUG ProjectController:43 - [] Sucessfully you got the Project details by id
